InnoDB: using atomic writes.
2020-05-16 10:23:24 0 [Note] InnoDB: Mutexes and rw_locks use Windows interlocked functions
2020-05-16 10:23:24 0 [Note] InnoDB: Uses event mutexes
2020-05-16 10:23:24 0 [Note] InnoDB: Compressed tables use zlib 1.2.11
2020-05-16 10:23:24 0 [Note] InnoDB: Number of pools: 1
2020-05-16 10:23:24 0 [Note] InnoDB: Using SSE2 crc32 instructions
2020-05-16 10:23:24 0 [Note] InnoDB: Initializing buffer pool, total size = 134217728, chunk size = 134217728
2020-05-16 10:23:24 0 [Note] InnoDB: Completed initialization of buffer pool
2020-05-16 10:23:56 0 [Note] InnoDB: Read redo log up to LSN=113152
2020-05-16 10:23:56 0 [Note] InnoDB: 128 rollback segments are active.
2020-05-16 10:23:58 0 [Note] InnoDB: Creating shared tablespace for temporary tables
2020-05-16 10:23:58 0 [Note] InnoDB: Setting file '.\ibtmp1' size to 12 MB. Physically writing the file full; Please wait ...
2020-05-16 10:23:58 0 [Note] InnoDB: File '.\ibtmp1' size is now 12 MB.
2020-05-16 10:23:58 0 [Note] InnoDB: 10.5.3 started; log sequence number 112978; transaction id 225
2020-05-16 10:23:58 0 [Note] Plugin 'FEEDBACK' is disabled.
2020-05-16 10:23:58 0 [Note] InnoDB: Loading buffer pool(s) from C:\Users\diqua\OneDrive - Queensland University of Technology\CAB302\majorProject\database\mariadb-10.5.3-winx64\data\ib_buffer_pool
2020-05-16 10:23:59 0 [Note] InnoDB: Buffer pool(s) load completed at 200516 10:23:59
InnoDB: using atomic writes.
2020-05-16 10:30:57 0 [Note] InnoDB: Mutexes and rw_locks use Windows interlocked functions
2020-05-16 10:30:57 0 [Note] InnoDB: Uses event mutexes
2020-05-16 10:30:57 0 [Note] InnoDB: Compressed tables use zlib 1.2.11
2020-05-16 10:30:57 0 [Note] InnoDB: Number of pools: 1
2020-05-16 10:30:57 0 [Note] InnoDB: Using SSE2 crc32 instructions
2020-05-16 10:30:57 0 [Note] InnoDB: Initializing buffer pool, total size = 134217728, chunk size = 134217728
2020-05-16 10:30:57 0 [Note] InnoDB: Completed initialization of buffer pool
2020-05-16 10:30:57 0 [Note] InnoDB: 128 rollback segments are active.
2020-05-16 10:30:57 0 [Note] InnoDB: Creating shared tablespace for temporary tables
2020-05-16 10:30:57 0 [Note] InnoDB: Setting file '.\ibtmp1' size to 12 MB. Physically writing the file full; Please wait ...
2020-05-16 10:30:57 0 [Note] InnoDB: File '.\ibtmp1' size is now 12 MB.
2020-05-16 10:30:57 0 [Note] InnoDB: 10.5.3 started; log sequence number 113050; transaction id 225
2020-05-16 10:30:57 0 [Note] Plugin 'FEEDBACK' is disabled.
2020-05-16 10:30:57 0 [Note] InnoDB: Loading buffer pool(s) from C:\Users\diqua\OneDrive - Queensland University of Technology\CAB302\majorProject\database\mariadb-10.5.3-winx64\data\ib_buffer_pool
2020-05-16 10:30:57 0 [Note] InnoDB: Buffer pool(s) load completed at 200516 10:30:57
InnoDB: using atomic writes.
2020-05-16 10:34:37 0 [Note] InnoDB: Mutexes and rw_locks use Windows interlocked functions
2020-05-16 10:34:37 0 [Note] InnoDB: Uses event mutexes
2020-05-16 10:34:37 0 [Note] InnoDB: Compressed tables use zlib 1.2.11
2020-05-16 10:34:37 0 [Note] InnoDB: Number of pools: 1
2020-05-16 10:34:37 0 [Note] InnoDB: Using SSE2 crc32 instructions
2020-05-16 10:34:37 0 [Note] InnoDB: Initializing buffer pool, total size = 134217728, chunk size = 134217728
2020-05-16 10:34:37 0 [Note] InnoDB: Completed initialization of buffer pool
2020-05-16 10:34:37 0 [Note] InnoDB: 128 rollback segments are active.
2020-05-16 10:34:37 0 [Note] InnoDB: Creating shared tablespace for temporary tables
2020-05-16 10:34:37 0 [Note] InnoDB: Setting file '.\ibtmp1' size to 12 MB. Physically writing the file full; Please wait ...
2020-05-16 10:34:37 0 [Note] InnoDB: File '.\ibtmp1' size is now 12 MB.
2020-05-16 10:34:37 0 [Note] InnoDB: 10.5.3 started; log sequence number 113098; transaction id 225
2020-05-16 10:34:37 0 [Note] Plugin 'FEEDBACK' is disabled.
2020-05-16 10:34:37 0 [Note] InnoDB: Loading buffer pool(s) from C:\Users\diqua\OneDrive - Queensland University of Technology\CAB302\majorProject\database\mariadb-10.5.3-winx64\data\ib_buffer_pool
2020-05-16 10:34:37 0 [Note] InnoDB: Buffer pool(s) load completed at 200516 10:34:37
